2025-07-27 21:10:40 INFO  o.h.validator.internal.util.Version- HV000001: Hibernate Validator 8.0.2.Final
 2025-07-27 21:10:40 INFO  g.a.c.schoolapp.SchoolappApplication- Starting SchoolappApplication using Java 17.0.14 with PID 34904 (C:\Users\Petros.DESKTOP-T318MTU\IdeaProjects\schoolapp\build\classes\java\main started by Petros in C:\Users\Petros.DESKTOP-T318MTU\IdeaProjects\schoolapp)
 2025-07-27 21:10:40 INFO  g.a.c.schoolapp.SchoolappApplication- The following 1 profile is active: "dev"
 2025-07-27 21:10:40 INFO  o.s.d.r.c.RepositoryConfigurationDelegate- Bootstrapping Spring Data JPA repositories in DEFAULT mode.
 2025-07-27 21:10:40 INFO  o.s.d.r.c.RepositoryConfigurationDelegate- Finished Spring Data repository scanning in 42 ms. Found 3 JPA repository interfaces.
 2025-07-27 21:10:41 INFO  o.s.b.w.e.tomcat.TomcatWebServer- Tomcat initialized with port 8080 (http)
 2025-07-27 21:10:41 INFO  o.s.b.w.s.c.ServletWebServerApplicationContext- Root WebApplicationContext: initialization completed in 1173 ms
 2025-07-27 21:10:41 INFO  org.hibernate.Version- HHH000412: Hibernate ORM core version 6.6.18.Final
 2025-07-27 21:10:41 INFO  o.h.c.i.RegionFactoryInitiator- HHH000026: Second-level cache disabled
 2025-07-27 21:10:42 INFO  o.s.o.j.p.SpringPersistenceUnitInfo- No LoadTimeWeaver setup: ignoring JPA class transformer
 2025-07-27 21:10:42 INFO  o.hibernate.orm.connections.pooling- HHH10001005: Database info:
	Database JDBC URL [Connecting through datasource 'HikariDataSource (HikariPool-1)']
	Database driver: undefined/unknown
	Database version: 8.0.41
	Autocommit mode: undefined/unknown
	Isolation level: undefined/unknown
	Minimum pool size: undefined/unknown
	Maximum pool size: undefined/unknown
 2025-07-27 21:10:43 INFO  o.h.e.t.j.p.i.JtaPlatformInitiator- HHH000489: No JTA platform available (set 'hibernate.transaction.jta.platform' to enable JTA platform integration)
 2025-07-27 21:10:43 INFO  o.s.o.j.LocalContainerEntityManagerFactoryBean- Initialized JPA EntityManagerFactory for persistence unit 'default'
 2025-07-27 21:10:43 INFO  o.s.d.j.r.query.QueryEnhancerFactory- Hibernate is in classpath; If applicable, HQL parser will be used.
 2025-07-27 21:10:43 INFO  o.s.s.c.a.a.c.InitializeAuthenticationProviderBeanManagerConfigurer$InitializeAuthenticationProviderManagerConfigurer- Global AuthenticationManager configured with AuthenticationProvider bean with name authenticationProvider
 2025-07-27 21:10:43 INFO  o.s.b.a.w.s.WelcomePageHandlerMapping- Adding welcome page template: index
 2025-07-27 21:10:43 WARN  o.s.s.c.a.w.c.AuthorizeHttpRequestsConfigurer$AuthorizationManagerRequestMatcherRegistry- One of the patterns in [/, index.html] is missing a leading slash. This is discouraged; please include the leading slash in all your request matcher patterns. In future versions of Spring Security, leaving out the leading slash will result in an exception.
 2025-07-27 21:10:44 INFO  o.s.b.w.e.tomcat.TomcatWebServer- Tomcat started on port 8080 (http) with context path '/'
 2025-07-27 21:10:44 INFO  g.a.c.schoolapp.SchoolappApplication- Started SchoolappApplication in 4.295 seconds (process running for 4.549)
 2025-07-27 21:11:00 INFO  o.s.web.servlet.DispatcherServlet- Initializing Servlet 'dispatcherServlet'
 2025-07-27 21:11:00 INFO  o.s.web.servlet.DispatcherServlet- Completed initialization in 1 ms
 2025-07-27 21:11:24 INFO  g.a.c.s.service.TeacherService- Teacher with vat=123432542 updated.
 2025-07-27 21:11:31 INFO  g.a.c.s.service.TeacherService- Teacher with vat=123432542 updated.
 2025-07-27 21:11:37 INFO  g.a.c.s.service.TeacherService- Teacher with vat=123432542 updated.
 2025-07-27 21:11:42 INFO  g.a.c.s.service.TeacherService- Teacher with vat=123432542 updated.
 